mode: atomic
github.com/ramonmedeiros/state_machine_go/states/ready.go:13.56,16.66 1 4
github.com/ramonmedeiros/state_machine_go/states/ready.go:26.5,27.32 2 3
github.com/ramonmedeiros/state_machine_go/states/ready.go:37.5,37.28 1 2
github.com/ramonmedeiros/state_machine_go/states/ready.go:42.5,47.23 6 1
github.com/ramonmedeiros/state_machine_go/states/ready.go:16.66,23.6 6 1
github.com/ramonmedeiros/state_machine_go/states/ready.go:27.32,34.6 6 1
github.com/ramonmedeiros/state_machine_go/states/ready.go:37.28,39.6 1 1
github.com/ramonmedeiros/state_machine_go/states/ready.go:50.52,52.2 1 0
github.com/ramonmedeiros/state_machine_go/states/riding.go:13.57,15.34 1 4
github.com/ramonmedeiros/state_machine_go/states/riding.go:26.5,26.28 1 2
github.com/ramonmedeiros/state_machine_go/states/riding.go:36.5,36.23 1 1
github.com/ramonmedeiros/state_machine_go/states/riding.go:15.34,23.6 6 2
github.com/ramonmedeiros/state_machine_go/states/riding.go:26.28,33.6 6 1
github.com/ramonmedeiros/state_machine_go/states/riding.go:40.53,42.2 1 0
github.com/ramonmedeiros/state_machine_go/states/state.go:15.49,17.2 1 1
github.com/ramonmedeiros/state_machine_go/states/state.go:19.53,24.2 2 0
github.com/ramonmedeiros/state_machine_go/states/batterylow.go:9.61,17.2 6 1
github.com/ramonmedeiros/state_machine_go/states/batterylow.go:19.57,21.2 1 0
github.com/ramonmedeiros/state_machine_go/states/bounty.go:14.57,15.72 1 3
github.com/ramonmedeiros/state_machine_go/states/bounty.go:19.5,25.26 6 1
github.com/ramonmedeiros/state_machine_go/states/bounty.go:15.72,17.6 1 2
github.com/ramonmedeiros/state_machine_go/states/collected.go:14.60,15.72 1 3
github.com/ramonmedeiros/state_machine_go/states/collected.go:19.5,25.24 6 1
github.com/ramonmedeiros/state_machine_go/states/collected.go:15.72,17.6 1 2
github.com/ramonmedeiros/state_machine_go/states/dropped.go:14.58,15.72 1 3
github.com/ramonmedeiros/state_machine_go/states/dropped.go:19.5,25.24 6 1
github.com/ramonmedeiros/state_machine_go/states/dropped.go:15.72,17.6 1 2
